<?xml version="1.0" encoding="UTF-8"?>
<!-- Generated by org.testng.reporters.JUnitXMLReporter -->
<testsuite ignored="0" hostname="MSI" failures="2" tests="7" name="Surefire test" time="186.186" errors="0" timestamp="2024-02-14T08:04:13 IST">
  <testcase classname="Amazon.Frameworkdesign.tests.ErrorValidationsTest" name="LoginErrorValidation" time="1.201">
    <skipped/>
  </testcase> <!-- LoginErrorValidation -->
  <testcase classname="Amazon.Frameworkdesign.tests.ErrorValidationsTest" name="LoginErrorValidation" time="0.534">
    <failure type="java.lang.AssertionError" message="expected [Login Successfully] but found [Login Successfully1]">
      <![CDATA[java.lang.AssertionError: expected [Login Successfully] but found [Login Successfully1]
at Amazon.Frameworkdesign.tests.ErrorValidationsTest.LoginErrorValidation(ErrorValidationsTest.java:26)
at java.base/java.util.ArrayList.forEach(ArrayList.java:1511)
... Removed 38 stack frames]]>
    </failure>
  </testcase> <!-- LoginErrorValidation -->
  <testcase classname="Amazon.Frameworkdesign.tests.ErrorValidationsTest" name="ProductErrorValidation" time="13.493"/>
  <testcase classname="Amazon.Frameworkdesign.tests.ErrorValidationsTest" name="ProductErrorValidation" time="13.489"/>
  <testcase classname="Amazon.Frameworkdesign.tests.SubmitOrderTest" name="SubmitOrder" time="14.267"/>
  <testcase classname="Amazon.Frameworkdesign.tests.SubmitOrderTest" name="OrderHistoryTest" time="0.597"/>
  <testcase classname="io.cucumber.testng.AbstractTestNGCucumberTests" name="runScenario" time="30.955">
    <failure type="java.lang.NullPointerException" message="Cannot invoke &amp;quot;org.openqa.selenium.WebElement.findElement(org.openqa.selenium.By)&amp;quot; because &amp;quot;prod&amp;quot; is null">
      <![CDATA[java.lang.NullPointerException: Cannot invoke "org.openqa.selenium.WebElement.findElement(org.openqa.selenium.By)" because "prod" is null
at AmazonFrameworkdesign.pageobjects.ProductCatalogue.addProductToCart(ProductCatalogue.java:56)
at AmazonFrameworkdesign.stepDefinition.StepDefinitionImpl.I_add_product_to_cart(StepDefinitionImpl.java:45)
at âœ½.I add product "ZARA COAT 3" to Cart(file:///C:/Users/ANAND%20SHARMA/eclipse-workspace/Frameworkdesign/src/test/java/cucumber/SubmitOrder.feature:13)
]]>
    </failure>
  </testcase> <!-- runScenario -->
</testsuite> <!-- Surefire test -->
