<!DOCTYPE html PUBLIC "-//W3C//DTD XHTML 1.1//EN" "https://www.w3.org/TR/xhtml11/DTD/xhtml11.dtd">
<html xmlns="https://www.w3.org/1999/xhtml">
<head>
<meta http-equiv="content-type" content="text/html; charset=UTF-8"/>
<title>TestNG Report</title>
<style type="text/css">table {margin-bottom:10px;border-collapse:collapse;empty-cells:show}th,td {border:1px solid #009;padding:.25em .5em}th {vertical-align:bottom}td {vertical-align:top}table a {font-weight:bold}.stripe td {background-color: #E6EBF9}.num {text-align:right}.passedodd td {background-color: #3F3}.passedeven td {background-color: #0A0}.skippedodd td {background-color: #DDD}.skippedeven td {background-color: #CCC}.failedodd td,.attn {background-color: #F33}.failedeven td,.stripe .attn {background-color: #D00}.stacktrace {white-space:pre;font-family:monospace}.totop {font-size:85%;text-align:center;border-bottom:2px solid #000}.invisible {display:none}</style>
</head>
<body>
<table>
<tr><th>Test</th><th># Passed</th><th># Skipped</th><th># Retried</th><th># Failed</th><th>Time (ms)</th><th>Included Groups</th><th>Excluded Groups</th></tr>
<tr><th colspan="8">Surefire suite</th></tr>
<tr><td><a href="#t0">Surefire test</a></td><td class="num">4</td><td class="num">0</td><td class="num attn">1</td><td class="num attn">2</td><td class="num">186,186</td><td></td><td></td></tr>
</table>
<table id='summary'><thead><tr><th>Class</th><th>Method</th><th>Start</th><th>Time (ms)</th></tr></thead><tbody><tr><th colspan="4">Surefire suite</th></tr></tbody><tbody id="t0"><tr><th colspan="4">Surefire test &#8212; failed</th></tr><tr class="failedeven"><td rowspan="1">Amazon.Frameworkdesign.tests.ErrorValidationsTest</td><td><a href="#m0">LoginErrorValidation</a></td><td rowspan="1">1707877901408</td><td rowspan="1">534</td></tr><tr class="failedodd"><td rowspan="1">cucumber.TestNGTestRunner</td><td><a href="#m1">runScenario</a></td><td rowspan="1">1707878022315</td><td rowspan="1">30955</td></tr><tr><th colspan="4">Surefire test &#8212; retried</th></tr><tr class="retriedeven"><td rowspan="1">Amazon.Frameworkdesign.tests.ErrorValidationsTest</td><td><a href="#m2">LoginErrorValidation</a></td><td rowspan="1">1707877884603</td><td rowspan="1">1201</td></tr><tr><th colspan="4">Surefire test &#8212; passed</th></tr><tr class="passedeven"><td rowspan="2">Amazon.Frameworkdesign.tests.ErrorValidationsTest</td><td><a href="#m3">ProductErrorValidation</a></td><td rowspan="2">1707877917762</td><td rowspan="2">13493</td></tr><tr class="passedeven"><td><a href="#m4">ProductErrorValidation</a></td></tr><tr class="passedodd"><td rowspan="2">Amazon.Frameworkdesign.tests.SubmitOrderTest</td><td><a href="#m5">OrderHistoryTest</a></td><td rowspan="1">1707878021039</td><td rowspan="1">597</td></tr><tr class="passedodd"><td><a href="#m6">SubmitOrder</a></td><td rowspan="1">1707877990915</td><td rowspan="1">14267</td></tr></tbody>
</table>
<h2>Surefire test</h2><h3 id="m0">Amazon.Frameworkdesign.tests.ErrorValidationsTest#LoginErrorValidation</h3><table class="result"><tr><th>Exception</th></tr><tr><td><div class="stacktrace">java.lang.AssertionError: expected [Login Successfully] but found [Login Successfully1]
	at Amazon.Frameworkdesign.tests.ErrorValidationsTest.LoginErrorValidation(ErrorValidationsTest.java:26)
	at java.base/java.util.ArrayList.forEach(ArrayList.java:1511)
... Removed 38 stack frames</div></td></tr></table><p class="totop"><a href="#summary">back to summary</a></p>
<h3 id="m1">cucumber.TestNGTestRunner#runScenario</h3><table class="result"><tr class="param"><th>Parameter #1</th><th>Parameter #2</th></tr><tr class="param stripe"><td>&quot;Positive Test of Submitting the order&quot;</td><td>&quot;Purchase the order from Ecommerce Website&quot;</td></tr><tr><th colspan="2">Exception</th></tr><tr><td colspan="2"><div class="stacktrace">java.lang.NullPointerException: Cannot invoke &quot;org.openqa.selenium.WebElement.findElement(org.openqa.selenium.By)&quot; because &quot;prod&quot; is null
	at AmazonFrameworkdesign.pageobjects.ProductCatalogue.addProductToCart(ProductCatalogue.java:56)
	at AmazonFrameworkdesign.stepDefinition.StepDefinitionImpl.I_add_product_to_cart(StepDefinitionImpl.java:45)
	at âœ½.I add product &quot;ZARA COAT 3&quot; to Cart(file:///C:/Users/ANAND%20SHARMA/eclipse-workspace/Frameworkdesign/src/test/java/cucumber/SubmitOrder.feature:13)
</div></td></tr></table><p class="totop"><a href="#summary">back to summary</a></p>
<h3 id="m2">Amazon.Frameworkdesign.tests.ErrorValidationsTest#LoginErrorValidation</h3><table class="result"><tr><th>Exception</th></tr><tr><td><div class="stacktrace">java.lang.AssertionError: expected [Login Successfully] but found [Login Successfully1]
	at Amazon.Frameworkdesign.tests.ErrorValidationsTest.LoginErrorValidation(ErrorValidationsTest.java:26)
	at java.base/java.util.ArrayList.forEach(ArrayList.java:1511)
... Removed 38 stack frames</div></td></tr></table><p class="totop"><a href="#summary">back to summary</a></p>
<h3 id="m3">Amazon.Frameworkdesign.tests.ErrorValidationsTest#ProductErrorValidation</h3><table class="result"><tr class="param"><th>Parameter #1</th></tr><tr class="param stripe"><td>{password=@Sairam01@, product=ZARA COAT 3, email=anandsharma379@gmail.com}</td></tr></table><p class="totop"><a href="#summary">back to summary</a></p>
<h3 id="m4">Amazon.Frameworkdesign.tests.ErrorValidationsTest#ProductErrorValidation</h3><table class="result"><tr class="param"><th>Parameter #1</th></tr><tr class="param stripe"><td>{password=Iamking@000, product=ADIDAS ORIGINAL, email=anshika@gmail.com}</td></tr></table><p class="totop"><a href="#summary">back to summary</a></p>
<h3 id="m5">Amazon.Frameworkdesign.tests.SubmitOrderTest#OrderHistoryTest</h3><table class="result"><tr><th class="invisible"/></tr></table><p class="totop"><a href="#summary">back to summary</a></p>
<h3 id="m6">Amazon.Frameworkdesign.tests.SubmitOrderTest#SubmitOrder</h3><table class="result"><tr><th class="invisible"/></tr></table><p class="totop"><a href="#summary">back to summary</a></p>
</body>
</html>
